CRITICAL - 2022-11-03 06:09:47 --> Undefined property: stdClass::$owner
#0 D:\xampp\htdocs\server-master\www\app\Models\DocumentModel.php(44): CodeIgniter\Debug\Exceptions->errorHandler(2, 'Undefined prope...', 'D:\\xampp\\htdocs...', 44)
#1 D:\xampp\htdocs\server-master\www\system\BaseModel.php(1552): App\Models\DocumentModel->formatDocuments(Array)
#2 D:\xampp\htdocs\server-master\www\system\BaseModel.php(631): CodeIgniter\BaseModel->trigger('afterFind', Array)
#3 D:\xampp\htdocs\server-master\www\app\Models\DocumentModel.php(238): CodeIgniter\BaseModel->first()
#4 D:\xampp\htdocs\server-master\www\app\Controllers\DocumentsController.php(60): App\Models\DocumentModel->formatData(Object(stdClass))
#5 D:\xampp\htdocs\server-master\www\system\CodeIgniter.php(936): App\Controllers\DocumentsController->add_v1()
#6 D:\xampp\htdocs\server-master\www\system\CodeIgniter.php(432): CodeIgniter\CodeIgniter->runController(Object(App\Controllers\DocumentsController))
#7 D:\xampp\htdocs\server-master\www\system\CodeIgniter.php(333): CodeIgniter\CodeIgniter->handleRequest(NULL, Object(Config\Cache), false)
#8 D:\xampp\htdocs\server-master\www\index.php(45): CodeIgniter\CodeIgniter->run()
#9 {main}
CRITICAL - 2022-11-03 06:35:03 --> password_hash(): The &quot;salt&quot; option has been ignored, since providing a custom salt is no longer supported
#0 [internal function]: CodeIgniter\Debug\Exceptions->errorHandler(2, 'password_hash()...', 'D:\\xampp\\htdocs...', 75)
#1 D:\xampp\htdocs\server-master\www\app\Controllers\UserController.php(75): password_hash('123456', '2y', Array)
#2 D:\xampp\htdocs\server-master\www\system\CodeIgniter.php(936): App\Controllers\UserController->register_v1()
#3 D:\xampp\htdocs\server-master\www\system\CodeIgniter.php(432): CodeIgniter\CodeIgniter->runController(Object(App\Controllers\UserController))
#4 D:\xampp\htdocs\server-master\www\system\CodeIgniter.php(333): CodeIgniter\CodeIgniter->handleRequest(NULL, Object(Config\Cache), false)
#5 D:\xampp\htdocs\server-master\www\index.php(45): CodeIgniter\CodeIgniter->run()
#6 {main}
CRITICAL - 2022-11-03 06:45:53 --> Undefined property: stdClass::$owner
#0 D:\xampp\htdocs\server-master\www\app\Models\DocumentModel.php(44): CodeIgniter\Debug\Exceptions->errorHandler(2, 'Undefined prope...', 'D:\\xampp\\htdocs...', 44)
#1 D:\xampp\htdocs\server-master\www\system\BaseModel.php(1552): App\Models\DocumentModel->formatDocuments(Array)
#2 D:\xampp\htdocs\server-master\www\system\BaseModel.php(631): CodeIgniter\BaseModel->trigger('afterFind', Array)
#3 D:\xampp\htdocs\server-master\www\app\Models\DocumentModel.php(238): CodeIgniter\BaseModel->first()
#4 D:\xampp\htdocs\server-master\www\app\Controllers\DocumentsController.php(60): App\Models\DocumentModel->formatData(Object(stdClass))
#5 D:\xampp\htdocs\server-master\www\system\CodeIgniter.php(936): App\Controllers\DocumentsController->add_v1()
#6 D:\xampp\htdocs\server-master\www\system\CodeIgniter.php(432): CodeIgniter\CodeIgniter->runController(Object(App\Controllers\DocumentsController))
#7 D:\xampp\htdocs\server-master\www\system\CodeIgniter.php(333): CodeIgniter\CodeIgniter->handleRequest(NULL, Object(Config\Cache), false)
#8 D:\xampp\htdocs\server-master\www\index.php(45): CodeIgniter\CodeIgniter->run()
#9 {main}
CRITICAL - 2022-11-03 06:57:34 --> Unable to connect to the database.
#0 D:\xampp\htdocs\server-master\www\system\Database\BaseConnection.php(618): CodeIgniter\Database\BaseConnection->initialize()
#1 D:\xampp\htdocs\server-master\www\system\Database\BaseBuilder.php(1866): CodeIgniter\Database\BaseConnection->query('SELECT *\nFROM `...', Array, false)
#2 D:\xampp\htdocs\server-master\www\system\Model.php(213): CodeIgniter\Database\BaseBuilder->get()
#3 D:\xampp\htdocs\server-master\www\system\BaseModel.php(583): CodeIgniter\Model->doFindAll(0, 0)
#4 D:\xampp\htdocs\server-master\www\app\Controllers\UserController.php(60): CodeIgniter\BaseModel->findAll()
#5 D:\xampp\htdocs\server-master\www\system\CodeIgniter.php(936): App\Controllers\UserController->register_v1()
#6 D:\xampp\htdocs\server-master\www\system\CodeIgniter.php(432): CodeIgniter\CodeIgniter->runController(Object(App\Controllers\UserController))
#7 D:\xampp\htdocs\server-master\www\system\CodeIgniter.php(333): CodeIgniter\CodeIgniter->handleRequest(NULL, Object(Config\Cache), false)
#8 D:\xampp\htdocs\server-master\www\index.php(45): CodeIgniter\CodeIgniter->run()
#9 {main}
CRITICAL - 2022-11-03 07:11:03 --> Undefined property: stdClass::$parent
#0 D:\xampp\htdocs\server-master\www\app\Models\DocumentModel.php(198): CodeIgniter\Debug\Exceptions->errorHandler(2, 'Undefined prope...', 'D:\\xampp\\htdocs...', 198)
#1 D:\xampp\htdocs\server-master\www\app\Controllers\DocumentsController.php(60): App\Models\DocumentModel->formatData(Object(stdClass))
#2 D:\xampp\htdocs\server-master\www\system\CodeIgniter.php(936): App\Controllers\DocumentsController->add_v1()
#3 D:\xampp\htdocs\server-master\www\system\CodeIgniter.php(432): CodeIgniter\CodeIgniter->runController(Object(App\Controllers\DocumentsController))
#4 D:\xampp\htdocs\server-master\www\system\CodeIgniter.php(333): CodeIgniter\CodeIgniter->handleRequest(NULL, Object(Config\Cache), false)
#5 D:\xampp\htdocs\server-master\www\index.php(45): CodeIgniter\CodeIgniter->run()
#6 {main}
