CRITICAL - 2022-10-07 07:24:39 --> Unable to connect to the database.
#0 D:\xampp\htdocs\server-master\www\system\Database\BaseConnection.php(618): CodeIgniter\Database\BaseConnection->initialize()
#1 D:\xampp\htdocs\server-master\www\system\Database\BaseBuilder.php(1866): CodeIgniter\Database\BaseConnection->query('SELECT *\nFROM `...', Array, false)
#2 D:\xampp\htdocs\server-master\www\system\Model.php(213): CodeIgniter\Database\BaseBuilder->get()
#3 D:\xampp\htdocs\server-master\www\system\BaseModel.php(583): CodeIgniter\Model->doFindAll(0, 0)
#4 D:\xampp\htdocs\server-master\www\app\Controllers\UserController.php(60): CodeIgniter\BaseModel->findAll()
#5 D:\xampp\htdocs\server-master\www\system\CodeIgniter.php(936): App\Controllers\UserController->register_v1()
#6 D:\xampp\htdocs\server-master\www\system\CodeIgniter.php(432): CodeIgniter\CodeIgniter->runController(Object(App\Controllers\UserController))
#7 D:\xampp\htdocs\server-master\www\system\CodeIgniter.php(333): CodeIgniter\CodeIgniter->handleRequest(NULL, Object(Config\Cache), false)
#8 D:\xampp\htdocs\server-master\www\index.php(45): CodeIgniter\CodeIgniter->run()
#9 {main}
CRITICAL - 2022-10-07 07:26:42 --> Unable to connect to the database.
#0 D:\xampp\htdocs\server-master\www\system\Database\BaseConnection.php(618): CodeIgniter\Database\BaseConnection->initialize()
#1 D:\xampp\htdocs\server-master\www\system\Database\BaseBuilder.php(1866): CodeIgniter\Database\BaseConnection->query('SELECT *\nFROM `...', Array, false)
#2 D:\xampp\htdocs\server-master\www\system\Model.php(247): CodeIgniter\Database\BaseBuilder->get()
#3 D:\xampp\htdocs\server-master\www\system\BaseModel.php(624): CodeIgniter\Model->doFirst()
#4 D:\xampp\htdocs\server-master\www\app\Controllers\UserController.php(13): CodeIgniter\BaseModel->first()
#5 D:\xampp\htdocs\server-master\www\system\CodeIgniter.php(936): App\Controllers\UserController->login_v1()
#6 D:\xampp\htdocs\server-master\www\system\CodeIgniter.php(432): CodeIgniter\CodeIgniter->runController(Object(App\Controllers\UserController))
#7 D:\xampp\htdocs\server-master\www\system\CodeIgniter.php(333): CodeIgniter\CodeIgniter->handleRequest(NULL, Object(Config\Cache), false)
#8 D:\xampp\htdocs\server-master\www\index.php(45): CodeIgniter\CodeIgniter->run()
#9 {main}
CRITICAL - 2022-10-07 07:27:17 --> Unable to connect to the database.
#0 D:\xampp\htdocs\server-master\www\system\Database\BaseConnection.php(618): CodeIgniter\Database\BaseConnection->initialize()
#1 D:\xampp\htdocs\server-master\www\system\Database\BaseBuilder.php(1866): CodeIgniter\Database\BaseConnection->query('SELECT *\nFROM `...', Array, false)
#2 D:\xampp\htdocs\server-master\www\system\Model.php(247): CodeIgniter\Database\BaseBuilder->get()
#3 D:\xampp\htdocs\server-master\www\system\BaseModel.php(624): CodeIgniter\Model->doFirst()
#4 D:\xampp\htdocs\server-master\www\app\Controllers\UserController.php(13): CodeIgniter\BaseModel->first()
#5 D:\xampp\htdocs\server-master\www\system\CodeIgniter.php(936): App\Controllers\UserController->login_v1()
#6 D:\xampp\htdocs\server-master\www\system\CodeIgniter.php(432): CodeIgniter\CodeIgniter->runController(Object(App\Controllers\UserController))
#7 D:\xampp\htdocs\server-master\www\system\CodeIgniter.php(333): CodeIgniter\CodeIgniter->handleRequest(NULL, Object(Config\Cache), false)
#8 D:\xampp\htdocs\server-master\www\index.php(45): CodeIgniter\CodeIgniter->run()
#9 {main}
CRITICAL - 2022-10-07 07:29:51 --> Object of class App\Models\UserModel could not be converted to string
#0 D:\xampp\htdocs\server-master\www\system\CodeIgniter.php(936): App\Controllers\UserController->login_v1()
#1 D:\xampp\htdocs\server-master\www\system\CodeIgniter.php(432): CodeIgniter\CodeIgniter->runController(Object(App\Controllers\UserController))
#2 D:\xampp\htdocs\server-master\www\system\CodeIgniter.php(333): CodeIgniter\CodeIgniter->handleRequest(NULL, Object(Config\Cache), false)
#3 D:\xampp\htdocs\server-master\www\index.php(45): CodeIgniter\CodeIgniter->run()
#4 {main}
CRITICAL - 2022-10-07 07:30:00 --> Call to undefined method CodeIgniter\Database\MySQLi\Connection::where()
#0 D:\xampp\htdocs\server-master\www\system\CodeIgniter.php(936): App\Controllers\UserController->login_v1()
#1 D:\xampp\htdocs\server-master\www\system\CodeIgniter.php(432): CodeIgniter\CodeIgniter->runController(Object(App\Controllers\UserController))
#2 D:\xampp\htdocs\server-master\www\system\CodeIgniter.php(333): CodeIgniter\CodeIgniter->handleRequest(NULL, Object(Config\Cache), false)
#3 D:\xampp\htdocs\server-master\www\index.php(45): CodeIgniter\CodeIgniter->run()
#4 {main}
CRITICAL - 2022-10-07 07:30:02 --> Call to undefined method CodeIgniter\Database\MySQLi\Connection::where()
#0 D:\xampp\htdocs\server-master\www\system\CodeIgniter.php(936): App\Controllers\UserController->login_v1()
#1 D:\xampp\htdocs\server-master\www\system\CodeIgniter.php(432): CodeIgniter\CodeIgniter->runController(Object(App\Controllers\UserController))
#2 D:\xampp\htdocs\server-master\www\system\CodeIgniter.php(333): CodeIgniter\CodeIgniter->handleRequest(NULL, Object(Config\Cache), false)
#3 D:\xampp\htdocs\server-master\www\index.php(45): CodeIgniter\CodeIgniter->run()
#4 {main}
CRITICAL - 2022-10-07 07:30:10 --> Unable to connect to the database.
#0 D:\xampp\htdocs\server-master\www\system\Database\BaseConnection.php(618): CodeIgniter\Database\BaseConnection->initialize()
#1 D:\xampp\htdocs\server-master\www\system\Database\BaseBuilder.php(1866): CodeIgniter\Database\BaseConnection->query('SELECT *\nFROM `...', Array, false)
#2 D:\xampp\htdocs\server-master\www\system\Model.php(247): CodeIgniter\Database\BaseBuilder->get()
#3 D:\xampp\htdocs\server-master\www\system\BaseModel.php(624): CodeIgniter\Model->doFirst()
#4 D:\xampp\htdocs\server-master\www\app\Controllers\UserController.php(13): CodeIgniter\BaseModel->first()
#5 D:\xampp\htdocs\server-master\www\system\CodeIgniter.php(936): App\Controllers\UserController->login_v1()
#6 D:\xampp\htdocs\server-master\www\system\CodeIgniter.php(432): CodeIgniter\CodeIgniter->runController(Object(App\Controllers\UserController))
#7 D:\xampp\htdocs\server-master\www\system\CodeIgniter.php(333): CodeIgniter\CodeIgniter->handleRequest(NULL, Object(Config\Cache), false)
#8 D:\xampp\htdocs\server-master\www\index.php(45): CodeIgniter\CodeIgniter->run()
#9 {main}
CRITICAL - 2022-10-07 07:30:43 --> Unable to connect to the database.
#0 D:\xampp\htdocs\server-master\www\system\Database\BaseConnection.php(618): CodeIgniter\Database\BaseConnection->initialize()
#1 D:\xampp\htdocs\server-master\www\system\Database\BaseBuilder.php(1866): CodeIgniter\Database\BaseConnection->query('SELECT *\nFROM `...', Array, false)
#2 D:\xampp\htdocs\server-master\www\system\Model.php(247): CodeIgniter\Database\BaseBuilder->get()
#3 D:\xampp\htdocs\server-master\www\system\BaseModel.php(624): CodeIgniter\Model->doFirst()
#4 D:\xampp\htdocs\server-master\www\app\Controllers\UserController.php(13): CodeIgniter\BaseModel->first()
#5 D:\xampp\htdocs\server-master\www\system\CodeIgniter.php(936): App\Controllers\UserController->login_v1()
#6 D:\xampp\htdocs\server-master\www\system\CodeIgniter.php(432): CodeIgniter\CodeIgniter->runController(Object(App\Controllers\UserController))
#7 D:\xampp\htdocs\server-master\www\system\CodeIgniter.php(333): CodeIgniter\CodeIgniter->handleRequest(NULL, Object(Config\Cache), false)
#8 D:\xampp\htdocs\server-master\www\index.php(45): CodeIgniter\CodeIgniter->run()
#9 {main}
CRITICAL - 2022-10-07 07:30:57 --> Unable to connect to the database.
#0 D:\xampp\htdocs\server-master\www\system\Database\BaseConnection.php(618): CodeIgniter\Database\BaseConnection->initialize()
#1 D:\xampp\htdocs\server-master\www\system\Database\BaseBuilder.php(1866): CodeIgniter\Database\BaseConnection->query('SELECT *\nFROM `...', Array, false)
#2 D:\xampp\htdocs\server-master\www\system\Model.php(247): CodeIgniter\Database\BaseBuilder->get()
#3 D:\xampp\htdocs\server-master\www\system\BaseModel.php(624): CodeIgniter\Model->doFirst()
#4 D:\xampp\htdocs\server-master\www\app\Controllers\UserController.php(13): CodeIgniter\BaseModel->first()
#5 D:\xampp\htdocs\server-master\www\system\CodeIgniter.php(936): App\Controllers\UserController->login_v1()
#6 D:\xampp\htdocs\server-master\www\system\CodeIgniter.php(432): CodeIgniter\CodeIgniter->runController(Object(App\Controllers\UserController))
#7 D:\xampp\htdocs\server-master\www\system\CodeIgniter.php(333): CodeIgniter\CodeIgniter->handleRequest(NULL, Object(Config\Cache), false)
#8 D:\xampp\htdocs\server-master\www\index.php(45): CodeIgniter\CodeIgniter->run()
#9 {main}
CRITICAL - 2022-10-07 07:32:53 --> Undefined property: App\Controllers\UserController::$get
#0 D:\xampp\htdocs\server-master\www\app\Controllers\UserController.php(14): CodeIgniter\Debug\Exceptions->errorHandler(2, 'Undefined prope...', 'D:\\xampp\\htdocs...', 14)
#1 D:\xampp\htdocs\server-master\www\system\CodeIgniter.php(936): App\Controllers\UserController->login_v1()
#2 D:\xampp\htdocs\server-master\www\system\CodeIgniter.php(432): CodeIgniter\CodeIgniter->runController(Object(App\Controllers\UserController))
#3 D:\xampp\htdocs\server-master\www\system\CodeIgniter.php(333): CodeIgniter\CodeIgniter->handleRequest(NULL, Object(Config\Cache), false)
#4 D:\xampp\htdocs\server-master\www\index.php(45): CodeIgniter\CodeIgniter->run()
#5 {main}
CRITICAL - 2022-10-07 07:33:46 --> Call to undefined method CodeIgniter\Database\MySQLi\Connection::get()
#0 D:\xampp\htdocs\server-master\www\system\CodeIgniter.php(936): App\Controllers\UserController->login_v1()
#1 D:\xampp\htdocs\server-master\www\system\CodeIgniter.php(432): CodeIgniter\CodeIgniter->runController(Object(App\Controllers\UserController))
#2 D:\xampp\htdocs\server-master\www\system\CodeIgniter.php(333): CodeIgniter\CodeIgniter->handleRequest(NULL, Object(Config\Cache), false)
#3 D:\xampp\htdocs\server-master\www\index.php(45): CodeIgniter\CodeIgniter->run()
#4 {main}
CRITICAL - 2022-10-07 07:33:52 --> Unable to connect to the database.
#0 D:\xampp\htdocs\server-master\www\system\Database\BaseConnection.php(618): CodeIgniter\Database\BaseConnection->initialize()
#1 D:\xampp\htdocs\server-master\www\system\Database\BaseBuilder.php(1866): CodeIgniter\Database\BaseConnection->query('SELECT *\nFROM `...', Array, false)
#2 D:\xampp\htdocs\server-master\www\system\Model.php(247): CodeIgniter\Database\BaseBuilder->get()
#3 D:\xampp\htdocs\server-master\www\system\BaseModel.php(624): CodeIgniter\Model->doFirst()
#4 D:\xampp\htdocs\server-master\www\app\Controllers\UserController.php(13): CodeIgniter\BaseModel->first()
#5 D:\xampp\htdocs\server-master\www\system\CodeIgniter.php(936): App\Controllers\UserController->login_v1()
#6 D:\xampp\htdocs\server-master\www\system\CodeIgniter.php(432): CodeIgniter\CodeIgniter->runController(Object(App\Controllers\UserController))
#7 D:\xampp\htdocs\server-master\www\system\CodeIgniter.php(333): CodeIgniter\CodeIgniter->handleRequest(NULL, Object(Config\Cache), false)
#8 D:\xampp\htdocs\server-master\www\index.php(45): CodeIgniter\CodeIgniter->run()
#9 {main}
CRITICAL - 2022-10-07 07:43:43 --> Unable to connect to the database.
#0 D:\xampp\htdocs\server-master\www\system\Database\BaseConnection.php(618): CodeIgniter\Database\BaseConnection->initialize()
#1 D:\xampp\htdocs\server-master\www\system\Database\BaseBuilder.php(1866): CodeIgniter\Database\BaseConnection->query('SELECT *\nFROM `...', Array, false)
#2 D:\xampp\htdocs\server-master\www\system\Model.php(174): CodeIgniter\Database\BaseBuilder->get()
#3 D:\xampp\htdocs\server-master\www\system\BaseModel.php(518): CodeIgniter\Model->doFind(false, NULL)
#4 D:\xampp\htdocs\server-master\www\app\Filters\APIAuth.php(51): CodeIgniter\BaseModel->find(NULL)
#5 D:\xampp\htdocs\server-master\www\system\Filters\Filters.php(181): App\Filters\APIAuth->before(Object(CodeIgniter\HTTP\IncomingRequest), NULL)
#6 D:\xampp\htdocs\server-master\www\system\CodeIgniter.php(403): CodeIgniter\Filters\Filters->run('api/%7B%7Bver%7...', 'before')
#7 D:\xampp\htdocs\server-master\www\system\CodeIgniter.php(333): CodeIgniter\CodeIgniter->handleRequest(NULL, Object(Config\Cache), false)
#8 D:\xampp\htdocs\server-master\www\index.php(45): CodeIgniter\CodeIgniter->run()
#9 {main}
CRITICAL - 2022-10-07 07:46:30 --> Unable to connect to the database.
#0 D:\xampp\htdocs\server-master\www\system\Database\BaseConnection.php(618): CodeIgniter\Database\BaseConnection->initialize()
#1 D:\xampp\htdocs\server-master\www\system\Database\BaseBuilder.php(1866): CodeIgniter\Database\BaseConnection->query('SELECT *\nFROM `...', Array, false)
#2 D:\xampp\htdocs\server-master\www\system\Model.php(174): CodeIgniter\Database\BaseBuilder->get()
#3 D:\xampp\htdocs\server-master\www\system\BaseModel.php(518): CodeIgniter\Model->doFind(false, NULL)
#4 D:\xampp\htdocs\server-master\www\app\Filters\APIAuth.php(51): CodeIgniter\BaseModel->find(NULL)
#5 D:\xampp\htdocs\server-master\www\system\Filters\Filters.php(181): App\Filters\APIAuth->before(Object(CodeIgniter\HTTP\IncomingRequest), NULL)
#6 D:\xampp\htdocs\server-master\www\system\CodeIgniter.php(403): CodeIgniter\Filters\Filters->run('api/%7B%7Bver%7...', 'before')
#7 D:\xampp\htdocs\server-master\www\system\CodeIgniter.php(333): CodeIgniter\CodeIgniter->handleRequest(NULL, Object(Config\Cache), false)
#8 D:\xampp\htdocs\server-master\www\index.php(45): CodeIgniter\CodeIgniter->run()
#9 {main}
CRITICAL - 2022-10-07 07:50:43 --> Unable to connect to the database.
#0 D:\xampp\htdocs\server-master\www\system\Database\BaseConnection.php(618): CodeIgniter\Database\BaseConnection->initialize()
#1 D:\xampp\htdocs\server-master\www\system\Database\BaseBuilder.php(1866): CodeIgniter\Database\BaseConnection->query('SELECT *\nFROM `...', Array, false)
#2 D:\xampp\htdocs\server-master\www\system\Model.php(247): CodeIgniter\Database\BaseBuilder->get()
#3 D:\xampp\htdocs\server-master\www\system\BaseModel.php(624): CodeIgniter\Model->doFirst()
#4 D:\xampp\htdocs\server-master\www\app\Controllers\UserController.php(13): CodeIgniter\BaseModel->first()
#5 D:\xampp\htdocs\server-master\www\system\CodeIgniter.php(936): App\Controllers\UserController->login_v1()
#6 D:\xampp\htdocs\server-master\www\system\CodeIgniter.php(432): CodeIgniter\CodeIgniter->runController(Object(App\Controllers\UserController))
#7 D:\xampp\htdocs\server-master\www\system\CodeIgniter.php(333): CodeIgniter\CodeIgniter->handleRequest(NULL, Object(Config\Cache), false)
#8 D:\xampp\htdocs\server-master\www\index.php(45): CodeIgniter\CodeIgniter->run()
#9 {main}
CRITICAL - 2022-10-07 07:52:49 --> Unable to connect to the database.
#0 D:\xampp\htdocs\server-master\www\system\Database\BaseConnection.php(618): CodeIgniter\Database\BaseConnection->initialize()
#1 D:\xampp\htdocs\server-master\www\system\Database\BaseBuilder.php(1866): CodeIgniter\Database\BaseConnection->query('SELECT *\nFROM `...', Array, false)
#2 D:\xampp\htdocs\server-master\www\system\Model.php(247): CodeIgniter\Database\BaseBuilder->get()
#3 D:\xampp\htdocs\server-master\www\system\BaseModel.php(624): CodeIgniter\Model->doFirst()
#4 D:\xampp\htdocs\server-master\www\app\Controllers\UserController.php(13): CodeIgniter\BaseModel->first()
#5 D:\xampp\htdocs\server-master\www\system\CodeIgniter.php(936): App\Controllers\UserController->login_v1()
#6 D:\xampp\htdocs\server-master\www\system\CodeIgniter.php(432): CodeIgniter\CodeIgniter->runController(Object(App\Controllers\UserController))
#7 D:\xampp\htdocs\server-master\www\system\CodeIgniter.php(333): CodeIgniter\CodeIgniter->handleRequest(NULL, Object(Config\Cache), false)
#8 D:\xampp\htdocs\server-master\www\index.php(45): CodeIgniter\CodeIgniter->run()
#9 {main}
CRITICAL - 2022-10-07 07:52:50 --> Unable to connect to the database.
#0 D:\xampp\htdocs\server-master\www\system\Database\BaseConnection.php(618): CodeIgniter\Database\BaseConnection->initialize()
#1 D:\xampp\htdocs\server-master\www\system\Database\BaseBuilder.php(1866): CodeIgniter\Database\BaseConnection->query('SELECT *\nFROM `...', Array, false)
#2 D:\xampp\htdocs\server-master\www\system\Model.php(247): CodeIgniter\Database\BaseBuilder->get()
#3 D:\xampp\htdocs\server-master\www\system\BaseModel.php(624): CodeIgniter\Model->doFirst()
#4 D:\xampp\htdocs\server-master\www\app\Controllers\UserController.php(13): CodeIgniter\BaseModel->first()
#5 D:\xampp\htdocs\server-master\www\system\CodeIgniter.php(936): App\Controllers\UserController->login_v1()
#6 D:\xampp\htdocs\server-master\www\system\CodeIgniter.php(432): CodeIgniter\CodeIgniter->runController(Object(App\Controllers\UserController))
#7 D:\xampp\htdocs\server-master\www\system\CodeIgniter.php(333): CodeIgniter\CodeIgniter->handleRequest(NULL, Object(Config\Cache), false)
#8 D:\xampp\htdocs\server-master\www\index.php(45): CodeIgniter\CodeIgniter->run()
#9 {main}
CRITICAL - 2022-10-07 07:53:29 --> Unable to connect to the database.
#0 D:\xampp\htdocs\server-master\www\system\Database\BaseConnection.php(618): CodeIgniter\Database\BaseConnection->initialize()
#1 D:\xampp\htdocs\server-master\www\system\Database\BaseBuilder.php(1866): CodeIgniter\Database\BaseConnection->query('SELECT *\nFROM `...', Array, false)
#2 D:\xampp\htdocs\server-master\www\system\Model.php(247): CodeIgniter\Database\BaseBuilder->get()
#3 D:\xampp\htdocs\server-master\www\system\BaseModel.php(624): CodeIgniter\Model->doFirst()
#4 D:\xampp\htdocs\server-master\www\app\Controllers\UserController.php(13): CodeIgniter\BaseModel->first()
#5 D:\xampp\htdocs\server-master\www\system\CodeIgniter.php(936): App\Controllers\UserController->login_v1()
#6 D:\xampp\htdocs\server-master\www\system\CodeIgniter.php(432): CodeIgniter\CodeIgniter->runController(Object(App\Controllers\UserController))
#7 D:\xampp\htdocs\server-master\www\system\CodeIgniter.php(333): CodeIgniter\CodeIgniter->handleRequest(NULL, Object(Config\Cache), false)
#8 D:\xampp\htdocs\server-master\www\index.php(45): CodeIgniter\CodeIgniter->run()
#9 {main}
CRITICAL - 2022-10-07 07:57:32 --> You have not selected a database type to connect to.
#0 D:\xampp\htdocs\server-master\www\system\Database\Config.php(87): CodeIgniter\Database\Database->load(Array, 'default')
#1 D:\xampp\htdocs\server-master\www\system\Common.php(327): CodeIgniter\Database\Config::connect('default', true)
#2 D:\xampp\htdocs\server-master\www\app\Controllers\BaseController.php(72): db_connect()
#3 D:\xampp\htdocs\server-master\www\system\CodeIgniter.php(909): App\Controllers\BaseController->initController(Object(CodeIgniter\HTTP\IncomingRequest), Object(CodeIgniter\HTTP\Response), Object(CodeIgniter\Log\Logger))
#4 D:\xampp\htdocs\server-master\www\system\CodeIgniter.php(422): CodeIgniter\CodeIgniter->createController()
#5 D:\xampp\htdocs\server-master\www\system\CodeIgniter.php(333): CodeIgniter\CodeIgniter->handleRequest(NULL, Object(Config\Cache), false)
#6 D:\xampp\htdocs\server-master\www\index.php(45): CodeIgniter\CodeIgniter->run()
#7 {main}
CRITICAL - 2022-10-07 07:57:33 --> You have not selected a database type to connect to.
#0 D:\xampp\htdocs\server-master\www\system\Database\Config.php(87): CodeIgniter\Database\Database->load(Array, 'default')
#1 D:\xampp\htdocs\server-master\www\system\Common.php(327): CodeIgniter\Database\Config::connect('default', true)
#2 D:\xampp\htdocs\server-master\www\app\Controllers\BaseController.php(72): db_connect()
#3 D:\xampp\htdocs\server-master\www\system\CodeIgniter.php(909): App\Controllers\BaseController->initController(Object(CodeIgniter\HTTP\IncomingRequest), Object(CodeIgniter\HTTP\Response), Object(CodeIgniter\Log\Logger))
#4 D:\xampp\htdocs\server-master\www\system\CodeIgniter.php(422): CodeIgniter\CodeIgniter->createController()
#5 D:\xampp\htdocs\server-master\www\system\CodeIgniter.php(333): CodeIgniter\CodeIgniter->handleRequest(NULL, Object(Config\Cache), false)
#6 D:\xampp\htdocs\server-master\www\index.php(45): CodeIgniter\CodeIgniter->run()
#7 {main}
CRITICAL - 2022-10-07 07:57:33 --> You have not selected a database type to connect to.
#0 D:\xampp\htdocs\server-master\www\system\Database\Config.php(87): CodeIgniter\Database\Database->load(Array, 'default')
#1 D:\xampp\htdocs\server-master\www\system\Common.php(327): CodeIgniter\Database\Config::connect('default', true)
#2 D:\xampp\htdocs\server-master\www\app\Controllers\BaseController.php(72): db_connect()
#3 D:\xampp\htdocs\server-master\www\system\CodeIgniter.php(909): App\Controllers\BaseController->initController(Object(CodeIgniter\HTTP\IncomingRequest), Object(CodeIgniter\HTTP\Response), Object(CodeIgniter\Log\Logger))
#4 D:\xampp\htdocs\server-master\www\system\CodeIgniter.php(422): CodeIgniter\CodeIgniter->createController()
#5 D:\xampp\htdocs\server-master\www\system\CodeIgniter.php(333): CodeIgniter\CodeIgniter->handleRequest(NULL, Object(Config\Cache), false)
#6 D:\xampp\htdocs\server-master\www\index.php(45): CodeIgniter\CodeIgniter->run()
#7 {main}
CRITICAL - 2022-10-07 07:57:33 --> You have not selected a database type to connect to.
#0 D:\xampp\htdocs\server-master\www\system\Database\Config.php(87): CodeIgniter\Database\Database->load(Array, 'default')
#1 D:\xampp\htdocs\server-master\www\system\Common.php(327): CodeIgniter\Database\Config::connect('default', true)
#2 D:\xampp\htdocs\server-master\www\app\Controllers\BaseController.php(72): db_connect()
#3 D:\xampp\htdocs\server-master\www\system\CodeIgniter.php(909): App\Controllers\BaseController->initController(Object(CodeIgniter\HTTP\IncomingRequest), Object(CodeIgniter\HTTP\Response), Object(CodeIgniter\Log\Logger))
#4 D:\xampp\htdocs\server-master\www\system\CodeIgniter.php(422): CodeIgniter\CodeIgniter->createController()
#5 D:\xampp\htdocs\server-master\www\system\CodeIgniter.php(333): CodeIgniter\CodeIgniter->handleRequest(NULL, Object(Config\Cache), false)
#6 D:\xampp\htdocs\server-master\www\index.php(45): CodeIgniter\CodeIgniter->run()
#7 {main}
CRITICAL - 2022-10-07 07:57:34 --> You have not selected a database type to connect to.
#0 D:\xampp\htdocs\server-master\www\system\Database\Config.php(87): CodeIgniter\Database\Database->load(Array, 'default')
#1 D:\xampp\htdocs\server-master\www\system\Common.php(327): CodeIgniter\Database\Config::connect('default', true)
#2 D:\xampp\htdocs\server-master\www\app\Controllers\BaseController.php(72): db_connect()
#3 D:\xampp\htdocs\server-master\www\system\CodeIgniter.php(909): App\Controllers\BaseController->initController(Object(CodeIgniter\HTTP\IncomingRequest), Object(CodeIgniter\HTTP\Response), Object(CodeIgniter\Log\Logger))
#4 D:\xampp\htdocs\server-master\www\system\CodeIgniter.php(422): CodeIgniter\CodeIgniter->createController()
#5 D:\xampp\htdocs\server-master\www\system\CodeIgniter.php(333): CodeIgniter\CodeIgniter->handleRequest(NULL, Object(Config\Cache), false)
#6 D:\xampp\htdocs\server-master\www\index.php(45): CodeIgniter\CodeIgniter->run()
#7 {main}
CRITICAL - 2022-10-07 07:57:34 --> You have not selected a database type to connect to.
#0 D:\xampp\htdocs\server-master\www\system\Database\Config.php(87): CodeIgniter\Database\Database->load(Array, 'default')
#1 D:\xampp\htdocs\server-master\www\system\Common.php(327): CodeIgniter\Database\Config::connect('default', true)
#2 D:\xampp\htdocs\server-master\www\app\Controllers\BaseController.php(72): db_connect()
#3 D:\xampp\htdocs\server-master\www\system\CodeIgniter.php(909): App\Controllers\BaseController->initController(Object(CodeIgniter\HTTP\IncomingRequest), Object(CodeIgniter\HTTP\Response), Object(CodeIgniter\Log\Logger))
#4 D:\xampp\htdocs\server-master\www\system\CodeIgniter.php(422): CodeIgniter\CodeIgniter->createController()
#5 D:\xampp\htdocs\server-master\www\system\CodeIgniter.php(333): CodeIgniter\CodeIgniter->handleRequest(NULL, Object(Config\Cache), false)
#6 D:\xampp\htdocs\server-master\www\index.php(45): CodeIgniter\CodeIgniter->run()
#7 {main}
CRITICAL - 2022-10-07 07:57:34 --> You have not selected a database type to connect to.
#0 D:\xampp\htdocs\server-master\www\system\Database\Config.php(87): CodeIgniter\Database\Database->load(Array, 'default')
#1 D:\xampp\htdocs\server-master\www\system\Common.php(327): CodeIgniter\Database\Config::connect('default', true)
#2 D:\xampp\htdocs\server-master\www\app\Controllers\BaseController.php(72): db_connect()
#3 D:\xampp\htdocs\server-master\www\system\CodeIgniter.php(909): App\Controllers\BaseController->initController(Object(CodeIgniter\HTTP\IncomingRequest), Object(CodeIgniter\HTTP\Response), Object(CodeIgniter\Log\Logger))
#4 D:\xampp\htdocs\server-master\www\system\CodeIgniter.php(422): CodeIgniter\CodeIgniter->createController()
#5 D:\xampp\htdocs\server-master\www\system\CodeIgniter.php(333): CodeIgniter\CodeIgniter->handleRequest(NULL, Object(Config\Cache), false)
#6 D:\xampp\htdocs\server-master\www\index.php(45): CodeIgniter\CodeIgniter->run()
#7 {main}
CRITICAL - 2022-10-07 07:57:34 --> You have not selected a database type to connect to.
#0 D:\xampp\htdocs\server-master\www\system\Database\Config.php(87): CodeIgniter\Database\Database->load(Array, 'default')
#1 D:\xampp\htdocs\server-master\www\system\Common.php(327): CodeIgniter\Database\Config::connect('default', true)
#2 D:\xampp\htdocs\server-master\www\app\Controllers\BaseController.php(72): db_connect()
#3 D:\xampp\htdocs\server-master\www\system\CodeIgniter.php(909): App\Controllers\BaseController->initController(Object(CodeIgniter\HTTP\IncomingRequest), Object(CodeIgniter\HTTP\Response), Object(CodeIgniter\Log\Logger))
#4 D:\xampp\htdocs\server-master\www\system\CodeIgniter.php(422): CodeIgniter\CodeIgniter->createController()
#5 D:\xampp\htdocs\server-master\www\system\CodeIgniter.php(333): CodeIgniter\CodeIgniter->handleRequest(NULL, Object(Config\Cache), false)
#6 D:\xampp\htdocs\server-master\www\index.php(45): CodeIgniter\CodeIgniter->run()
#7 {main}
CRITICAL - 2022-10-07 07:57:34 --> You have not selected a database type to connect to.
#0 D:\xampp\htdocs\server-master\www\system\Database\Config.php(87): CodeIgniter\Database\Database->load(Array, 'default')
#1 D:\xampp\htdocs\server-master\www\system\Common.php(327): CodeIgniter\Database\Config::connect('default', true)
#2 D:\xampp\htdocs\server-master\www\app\Controllers\BaseController.php(72): db_connect()
#3 D:\xampp\htdocs\server-master\www\system\CodeIgniter.php(909): App\Controllers\BaseController->initController(Object(CodeIgniter\HTTP\IncomingRequest), Object(CodeIgniter\HTTP\Response), Object(CodeIgniter\Log\Logger))
#4 D:\xampp\htdocs\server-master\www\system\CodeIgniter.php(422): CodeIgniter\CodeIgniter->createController()
#5 D:\xampp\htdocs\server-master\www\system\CodeIgniter.php(333): CodeIgniter\CodeIgniter->handleRequest(NULL, Object(Config\Cache), false)
#6 D:\xampp\htdocs\server-master\www\index.php(45): CodeIgniter\CodeIgniter->run()
#7 {main}
CRITICAL - 2022-10-07 07:58:59 --> You have not selected a database type to connect to.
#0 D:\xampp\htdocs\server-master\www\system\Database\Config.php(87): CodeIgniter\Database\Database->load(Array, 'default')
#1 D:\xampp\htdocs\server-master\www\system\Common.php(327): CodeIgniter\Database\Config::connect('default', true)
#2 D:\xampp\htdocs\server-master\www\app\Controllers\BaseController.php(72): db_connect()
#3 D:\xampp\htdocs\server-master\www\system\CodeIgniter.php(909): App\Controllers\BaseController->initController(Object(CodeIgniter\HTTP\IncomingRequest), Object(CodeIgniter\HTTP\Response), Object(CodeIgniter\Log\Logger))
#4 D:\xampp\htdocs\server-master\www\system\CodeIgniter.php(422): CodeIgniter\CodeIgniter->createController()
#5 D:\xampp\htdocs\server-master\www\system\CodeIgniter.php(333): CodeIgniter\CodeIgniter->handleRequest(NULL, Object(Config\Cache), false)
#6 D:\xampp\htdocs\server-master\www\index.php(45): CodeIgniter\CodeIgniter->run()
#7 {main}
CRITICAL - 2022-10-07 08:03:31 --> Maximum execution time of 120 seconds exceeded
#0 [internal function]: CodeIgniter\Debug\Exceptions->shutdownHandler()
#1 {main}
CRITICAL - 2022-10-07 08:03:51 --> Maximum execution time of 120 seconds exceeded
#0 [internal function]: CodeIgniter\Debug\Exceptions->shutdownHandler()
#1 {main}
CRITICAL - 2022-10-07 08:11:58 --> Attempt to assign property "instance" on array
#0 D:\xampp\htdocs\server-master\www\system\Filters\Filters.php(181): App\Filters\APIAuth->before(Object(CodeIgniter\HTTP\IncomingRequest), NULL)
#1 D:\xampp\htdocs\server-master\www\system\CodeIgniter.php(403): CodeIgniter\Filters\Filters->run('api/%7B%7Bver%7...', 'before')
#2 D:\xampp\htdocs\server-master\www\system\CodeIgniter.php(333): CodeIgniter\CodeIgniter->handleRequest(NULL, Object(Config\Cache), false)
#3 D:\xampp\htdocs\server-master\www\index.php(45): CodeIgniter\CodeIgniter->run()
#4 {main}
CRITICAL - 2022-10-07 08:12:19 --> Attempt to assign property "instance" on array
#0 D:\xampp\htdocs\server-master\www\system\Filters\Filters.php(181): App\Filters\APIAuth->before(Object(CodeIgniter\HTTP\IncomingRequest), NULL)
#1 D:\xampp\htdocs\server-master\www\system\CodeIgniter.php(403): CodeIgniter\Filters\Filters->run('api/%7B%7Bver%7...', 'before')
#2 D:\xampp\htdocs\server-master\www\system\CodeIgniter.php(333): CodeIgniter\CodeIgniter->handleRequest(NULL, Object(Config\Cache), false)
#3 D:\xampp\htdocs\server-master\www\index.php(45): CodeIgniter\CodeIgniter->run()
#4 {main}
CRITICAL - 2022-10-07 08:39:15 --> syntax error, unexpected variable "$userData"
#0 D:\xampp\htdocs\server-master\www\system\Autoloader\Autoloader.php(265): CodeIgniter\Autoloader\Autoloader->includeFile('D:\\xampp\\htdocs...')
#1 D:\xampp\htdocs\server-master\www\system\Autoloader\Autoloader.php(228): CodeIgniter\Autoloader\Autoloader->loadInNamespace('App\\Controllers...')
#2 [internal function]: CodeIgniter\Autoloader\Autoloader->loadClass('App\\Controllers...')
#3 D:\xampp\htdocs\server-master\www\system\CodeIgniter.php(893): class_exists('\\App\\Controller...', true)
#4 D:\xampp\htdocs\server-master\www\system\CodeIgniter.php(417): CodeIgniter\CodeIgniter->startController()
#5 D:\xampp\htdocs\server-master\www\system\CodeIgniter.php(333): CodeIgniter\CodeIgniter->handleRequest(NULL, Object(Config\Cache), false)
#6 D:\xampp\htdocs\server-master\www\index.php(45): CodeIgniter\CodeIgniter->run()
#7 {main}
CRITICAL - 2022-10-07 08:39:27 --> syntax error, unexpected variable "$userData"
#0 D:\xampp\htdocs\server-master\www\system\Autoloader\Autoloader.php(265): CodeIgniter\Autoloader\Autoloader->includeFile('D:\\xampp\\htdocs...')
#1 D:\xampp\htdocs\server-master\www\system\Autoloader\Autoloader.php(228): CodeIgniter\Autoloader\Autoloader->loadInNamespace('App\\Controllers...')
#2 [internal function]: CodeIgniter\Autoloader\Autoloader->loadClass('App\\Controllers...')
#3 D:\xampp\htdocs\server-master\www\system\CodeIgniter.php(893): class_exists('\\App\\Controller...', true)
#4 D:\xampp\htdocs\server-master\www\system\CodeIgniter.php(417): CodeIgniter\CodeIgniter->startController()
#5 D:\xampp\htdocs\server-master\www\system\CodeIgniter.php(333): CodeIgniter\CodeIgniter->handleRequest(NULL, Object(Config\Cache), false)
#6 D:\xampp\htdocs\server-master\www\index.php(45): CodeIgniter\CodeIgniter->run()
#7 {main}
CRITICAL - 2022-10-07 08:39:38 --> syntax error, unexpected variable "$userData"
#0 D:\xampp\htdocs\server-master\www\system\Autoloader\Autoloader.php(265): CodeIgniter\Autoloader\Autoloader->includeFile('D:\\xampp\\htdocs...')
#1 D:\xampp\htdocs\server-master\www\system\Autoloader\Autoloader.php(228): CodeIgniter\Autoloader\Autoloader->loadInNamespace('App\\Controllers...')
#2 [internal function]: CodeIgniter\Autoloader\Autoloader->loadClass('App\\Controllers...')
#3 D:\xampp\htdocs\server-master\www\system\CodeIgniter.php(893): class_exists('\\App\\Controller...', true)
#4 D:\xampp\htdocs\server-master\www\system\CodeIgniter.php(417): CodeIgniter\CodeIgniter->startController()
#5 D:\xampp\htdocs\server-master\www\system\CodeIgniter.php(333): CodeIgniter\CodeIgniter->handleRequest(NULL, Object(Config\Cache), false)
#6 D:\xampp\htdocs\server-master\www\index.php(45): CodeIgniter\CodeIgniter->run()
#7 {main}
CRITICAL - 2022-10-07 09:20:52 --> Object of class App\Models\UserModel could not be converted to string
#0 D:\xampp\htdocs\server-master\www\system\CodeIgniter.php(936): App\Controllers\UserController->register_v1()
#1 D:\xampp\htdocs\server-master\www\system\CodeIgniter.php(432): CodeIgniter\CodeIgniter->runController(Object(App\Controllers\UserController))
#2 D:\xampp\htdocs\server-master\www\system\CodeIgniter.php(333): CodeIgniter\CodeIgniter->handleRequest(NULL, Object(Config\Cache), false)
#3 D:\xampp\htdocs\server-master\www\index.php(45): CodeIgniter\CodeIgniter->run()
#4 {main}
CRITICAL - 2022-10-07 09:33:03 --> Call to undefined method CodeIgniter\Database\MySQLi\Connection::insert()
#0 D:\xampp\htdocs\server-master\www\system\CodeIgniter.php(936): App\Controllers\UserController->register_v1()
#1 D:\xampp\htdocs\server-master\www\system\CodeIgniter.php(432): CodeIgniter\CodeIgniter->runController(Object(App\Controllers\UserController))
#2 D:\xampp\htdocs\server-master\www\system\CodeIgniter.php(333): CodeIgniter\CodeIgniter->handleRequest(NULL, Object(Config\Cache), false)
#3 D:\xampp\htdocs\server-master\www\index.php(45): CodeIgniter\CodeIgniter->run()
#4 {main}
CRITICAL - 2022-10-07 09:33:48 --> Call to undefined method CodeIgniter\Database\MySQLi\Connection::insert()
#0 D:\xampp\htdocs\server-master\www\system\CodeIgniter.php(936): App\Controllers\UserController->register_v1()
#1 D:\xampp\htdocs\server-master\www\system\CodeIgniter.php(432): CodeIgniter\CodeIgniter->runController(Object(App\Controllers\UserController))
#2 D:\xampp\htdocs\server-master\www\system\CodeIgniter.php(333): CodeIgniter\CodeIgniter->handleRequest(NULL, Object(Config\Cache), false)
#3 D:\xampp\htdocs\server-master\www\index.php(45): CodeIgniter\CodeIgniter->run()
#4 {main}
CRITICAL - 2022-10-07 09:45:53 --> Call to undefined method CodeIgniter\Database\MySQLi\Connection::last_query()
#0 D:\xampp\htdocs\server-master\www\system\CodeIgniter.php(936): App\Controllers\UserController->register_v1()
#1 D:\xampp\htdocs\server-master\www\system\CodeIgniter.php(432): CodeIgniter\CodeIgniter->runController(Object(App\Controllers\UserController))
#2 D:\xampp\htdocs\server-master\www\system\CodeIgniter.php(333): CodeIgniter\CodeIgniter->handleRequest(NULL, Object(Config\Cache), false)
#3 D:\xampp\htdocs\server-master\www\index.php(45): CodeIgniter\CodeIgniter->run()
#4 {main}
CRITICAL - 2022-10-07 09:45:59 --> Call to undefined method CodeIgniter\Database\MySQLi\Connection::insert()
#0 D:\xampp\htdocs\server-master\www\system\CodeIgniter.php(936): App\Controllers\UserController->register_v1()
#1 D:\xampp\htdocs\server-master\www\system\CodeIgniter.php(432): CodeIgniter\CodeIgniter->runController(Object(App\Controllers\UserController))
#2 D:\xampp\htdocs\server-master\www\system\CodeIgniter.php(333): CodeIgniter\CodeIgniter->handleRequest(NULL, Object(Config\Cache), false)
#3 D:\xampp\htdocs\server-master\www\index.php(45): CodeIgniter\CodeIgniter->run()
#4 {main}
CRITICAL - 2022-10-07 09:53:29 --> Call to undefined method CodeIgniter\Database\MySQLi\Connection::insert()
#0 D:\xampp\htdocs\server-master\www\system\CodeIgniter.php(936): App\Controllers\UserController->register_v1()
#1 D:\xampp\htdocs\server-master\www\system\CodeIgniter.php(432): CodeIgniter\CodeIgniter->runController(Object(App\Controllers\UserController))
#2 D:\xampp\htdocs\server-master\www\system\CodeIgniter.php(333): CodeIgniter\CodeIgniter->handleRequest(NULL, Object(Config\Cache), false)
#3 D:\xampp\htdocs\server-master\www\index.php(45): CodeIgniter\CodeIgniter->run()
#4 {main}
CRITICAL - 2022-10-07 09:53:55 --> Call to undefined method CodeIgniter\Database\MySQLi\Connection::insert()
#0 D:\xampp\htdocs\server-master\www\system\CodeIgniter.php(936): App\Controllers\UserController->register_v1()
#1 D:\xampp\htdocs\server-master\www\system\CodeIgniter.php(432): CodeIgniter\CodeIgniter->runController(Object(App\Controllers\UserController))
#2 D:\xampp\htdocs\server-master\www\system\CodeIgniter.php(333): CodeIgniter\CodeIgniter->handleRequest(NULL, Object(Config\Cache), false)
#3 D:\xampp\htdocs\server-master\www\index.php(45): CodeIgniter\CodeIgniter->run()
#4 {main}
CRITICAL - 2022-10-07 10:21:34 --> Call to undefined method CodeIgniter\Database\MySQLi\Connection::insert()
#0 D:\xampp\htdocs\server-master\www\system\CodeIgniter.php(936): App\Controllers\UserController->register_v1()
#1 D:\xampp\htdocs\server-master\www\system\CodeIgniter.php(432): CodeIgniter\CodeIgniter->runController(Object(App\Controllers\UserController))
#2 D:\xampp\htdocs\server-master\www\system\CodeIgniter.php(333): CodeIgniter\CodeIgniter->handleRequest(NULL, Object(Config\Cache), false)
#3 D:\xampp\htdocs\server-master\www\index.php(45): CodeIgniter\CodeIgniter->run()
#4 {main}
CRITICAL - 2022-10-07 10:21:57 --> Call to undefined method CodeIgniter\Database\MySQLi\Connection::insert()
#0 D:\xampp\htdocs\server-master\www\system\CodeIgniter.php(936): App\Controllers\UserController->register_v1()
#1 D:\xampp\htdocs\server-master\www\system\CodeIgniter.php(432): CodeIgniter\CodeIgniter->runController(Object(App\Controllers\UserController))
#2 D:\xampp\htdocs\server-master\www\system\CodeIgniter.php(333): CodeIgniter\CodeIgniter->handleRequest(NULL, Object(Config\Cache), false)
#3 D:\xampp\htdocs\server-master\www\index.php(45): CodeIgniter\CodeIgniter->run()
#4 {main}
CRITICAL - 2022-10-07 10:21:58 --> Call to undefined method CodeIgniter\Database\MySQLi\Connection::insert()
#0 D:\xampp\htdocs\server-master\www\system\CodeIgniter.php(936): App\Controllers\UserController->register_v1()
#1 D:\xampp\htdocs\server-master\www\system\CodeIgniter.php(432): CodeIgniter\CodeIgniter->runController(Object(App\Controllers\UserController))
#2 D:\xampp\htdocs\server-master\www\system\CodeIgniter.php(333): CodeIgniter\CodeIgniter->handleRequest(NULL, Object(Config\Cache), false)
#3 D:\xampp\htdocs\server-master\www\index.php(45): CodeIgniter\CodeIgniter->run()
#4 {main}
CRITICAL - 2022-10-07 10:21:58 --> Call to undefined method CodeIgniter\Database\MySQLi\Connection::insert()
#0 D:\xampp\htdocs\server-master\www\system\CodeIgniter.php(936): App\Controllers\UserController->register_v1()
#1 D:\xampp\htdocs\server-master\www\system\CodeIgniter.php(432): CodeIgniter\CodeIgniter->runController(Object(App\Controllers\UserController))
#2 D:\xampp\htdocs\server-master\www\system\CodeIgniter.php(333): CodeIgniter\CodeIgniter->handleRequest(NULL, Object(Config\Cache), false)
#3 D:\xampp\htdocs\server-master\www\index.php(45): CodeIgniter\CodeIgniter->run()
#4 {main}
CRITICAL - 2022-10-07 10:21:59 --> Call to undefined method CodeIgniter\Database\MySQLi\Connection::insert()
#0 D:\xampp\htdocs\server-master\www\system\CodeIgniter.php(936): App\Controllers\UserController->register_v1()
#1 D:\xampp\htdocs\server-master\www\system\CodeIgniter.php(432): CodeIgniter\CodeIgniter->runController(Object(App\Controllers\UserController))
#2 D:\xampp\htdocs\server-master\www\system\CodeIgniter.php(333): CodeIgniter\CodeIgniter->handleRequest(NULL, Object(Config\Cache), false)
#3 D:\xampp\htdocs\server-master\www\index.php(45): CodeIgniter\CodeIgniter->run()
#4 {main}
CRITICAL - 2022-10-07 14:45:10 --> CodeIgniter\Model::__construct(): Argument #1 ($db) must be of type ?CodeIgniter\Database\ConnectionInterface, stdClass given, called in D:\xampp\htdocs\server-master\www\app\Controllers\UserController.php on line 59
#0 D:\xampp\htdocs\server-master\www\app\Controllers\UserController.php(59): CodeIgniter\Model->__construct(Object(stdClass))
#1 D:\xampp\htdocs\server-master\www\system\CodeIgniter.php(936): App\Controllers\UserController->register_v1()
#2 D:\xampp\htdocs\server-master\www\system\CodeIgniter.php(432): CodeIgniter\CodeIgniter->runController(Object(App\Controllers\UserController))
#3 D:\xampp\htdocs\server-master\www\system\CodeIgniter.php(333): CodeIgniter\CodeIgniter->handleRequest(NULL, Object(Config\Cache), false)
#4 D:\xampp\htdocs\server-master\www\index.php(45): CodeIgniter\CodeIgniter->run()
#5 {main}
CRITICAL - 2022-10-07 14:48:15 --> Declaration of App\Models\UserModel::insert($userData) must be compatible with CodeIgniter\Model::insert($data = null, bool $returnID = true)
#0 [internal function]: CodeIgniter\Debug\Exceptions->shutdownHandler()
#1 {main}
CRITICAL - 2022-10-07 14:48:15 --> Declaration of App\Models\UserModel::insert($userData) must be compatible with CodeIgniter\Model::insert($data = null, bool $returnID = true)
#0 [internal function]: CodeIgniter\Debug\Exceptions->shutdownHandler()
#1 {main}
CRITICAL - 2022-10-07 14:48:34 --> Call to undefined method CodeIgniter\Database\MySQLi\Connection::insert()
#0 D:\xampp\htdocs\server-master\www\app\Controllers\UserController.php(77): App\Models\UserModel->insert(Object(stdClass))
#1 D:\xampp\htdocs\server-master\www\system\CodeIgniter.php(936): App\Controllers\UserController->register_v1()
#2 D:\xampp\htdocs\server-master\www\system\CodeIgniter.php(432): CodeIgniter\CodeIgniter->runController(Object(App\Controllers\UserController))
#3 D:\xampp\htdocs\server-master\www\system\CodeIgniter.php(333): CodeIgniter\CodeIgniter->handleRequest(NULL, Object(Config\Cache), false)
#4 D:\xampp\htdocs\server-master\www\index.php(45): CodeIgniter\CodeIgniter->run()
#5 {main}
CRITICAL - 2022-10-07 14:48:44 --> Call to undefined method CodeIgniter\Database\MySQLi\Connection::insert()
#0 D:\xampp\htdocs\server-master\www\app\Controllers\UserController.php(77): App\Models\UserModel->insert(Object(stdClass))
#1 D:\xampp\htdocs\server-master\www\system\CodeIgniter.php(936): App\Controllers\UserController->register_v1()
#2 D:\xampp\htdocs\server-master\www\system\CodeIgniter.php(432): CodeIgniter\CodeIgniter->runController(Object(App\Controllers\UserController))
#3 D:\xampp\htdocs\server-master\www\system\CodeIgniter.php(333): CodeIgniter\CodeIgniter->handleRequest(NULL, Object(Config\Cache), false)
#4 D:\xampp\htdocs\server-master\www\index.php(45): CodeIgniter\CodeIgniter->run()
#5 {main}
CRITICAL - 2022-10-07 14:49:32 --> Call to undefined method CodeIgniter\Database\MySQLi\Connection::insert()
#0 D:\xampp\htdocs\server-master\www\app\Controllers\UserController.php(77): App\Models\UserModel->insert(Object(stdClass))
#1 D:\xampp\htdocs\server-master\www\system\CodeIgniter.php(936): App\Controllers\UserController->register_v1()
#2 D:\xampp\htdocs\server-master\www\system\CodeIgniter.php(432): CodeIgniter\CodeIgniter->runController(Object(App\Controllers\UserController))
#3 D:\xampp\htdocs\server-master\www\system\CodeIgniter.php(333): CodeIgniter\CodeIgniter->handleRequest(NULL, Object(Config\Cache), false)
#4 D:\xampp\htdocs\server-master\www\index.php(45): CodeIgniter\CodeIgniter->run()
#5 {main}
CRITICAL - 2022-10-07 14:49:36 --> Call to undefined method CodeIgniter\Database\MySQLi\Connection::insert()
#0 D:\xampp\htdocs\server-master\www\app\Controllers\UserController.php(77): App\Models\UserModel->insert(Object(stdClass))
#1 D:\xampp\htdocs\server-master\www\system\CodeIgniter.php(936): App\Controllers\UserController->register_v1()
#2 D:\xampp\htdocs\server-master\www\system\CodeIgniter.php(432): CodeIgniter\CodeIgniter->runController(Object(App\Controllers\UserController))
#3 D:\xampp\htdocs\server-master\www\system\CodeIgniter.php(333): CodeIgniter\CodeIgniter->handleRequest(NULL, Object(Config\Cache), false)
#4 D:\xampp\htdocs\server-master\www\index.php(45): CodeIgniter\CodeIgniter->run()
#5 {main}
CRITICAL - 2022-10-07 14:50:33 --> Call to undefined method CodeIgniter\Database\MySQLi\Connection::insert()
#0 D:\xampp\htdocs\server-master\www\app\Controllers\UserController.php(77): App\Models\UserModel->insert(Object(stdClass))
#1 D:\xampp\htdocs\server-master\www\system\CodeIgniter.php(936): App\Controllers\UserController->register_v1()
#2 D:\xampp\htdocs\server-master\www\system\CodeIgniter.php(432): CodeIgniter\CodeIgniter->runController(Object(App\Controllers\UserController))
#3 D:\xampp\htdocs\server-master\www\system\CodeIgniter.php(333): CodeIgniter\CodeIgniter->handleRequest(NULL, Object(Config\Cache), false)
#4 D:\xampp\htdocs\server-master\www\index.php(45): CodeIgniter\CodeIgniter->run()
#5 {main}
CRITICAL - 2022-10-07 14:58:51 --> Call to undefined method CodeIgniter\Database\MySQLi\Connection::insert()
#0 D:\xampp\htdocs\server-master\www\system\CodeIgniter.php(936): App\Controllers\UserController->register_v1()
#1 D:\xampp\htdocs\server-master\www\system\CodeIgniter.php(432): CodeIgniter\CodeIgniter->runController(Object(App\Controllers\UserController))
#2 D:\xampp\htdocs\server-master\www\system\CodeIgniter.php(333): CodeIgniter\CodeIgniter->handleRequest(NULL, Object(Config\Cache), false)
#3 D:\xampp\htdocs\server-master\www\index.php(45): CodeIgniter\CodeIgniter->run()
#4 {main}
CRITICAL - 2022-10-07 14:58:58 --> Call to undefined method CodeIgniter\Database\MySQLi\Connection::insert()
#0 D:\xampp\htdocs\server-master\www\system\CodeIgniter.php(936): App\Controllers\UserController->register_v1()
#1 D:\xampp\htdocs\server-master\www\system\CodeIgniter.php(432): CodeIgniter\CodeIgniter->runController(Object(App\Controllers\UserController))
#2 D:\xampp\htdocs\server-master\www\system\CodeIgniter.php(333): CodeIgniter\CodeIgniter->handleRequest(NULL, Object(Config\Cache), false)
#3 D:\xampp\htdocs\server-master\www\index.php(45): CodeIgniter\CodeIgniter->run()
#4 {main}
CRITICAL - 2022-10-07 14:58:59 --> Call to undefined method CodeIgniter\Database\MySQLi\Connection::insert()
#0 D:\xampp\htdocs\server-master\www\system\CodeIgniter.php(936): App\Controllers\UserController->register_v1()
#1 D:\xampp\htdocs\server-master\www\system\CodeIgniter.php(432): CodeIgniter\CodeIgniter->runController(Object(App\Controllers\UserController))
#2 D:\xampp\htdocs\server-master\www\system\CodeIgniter.php(333): CodeIgniter\CodeIgniter->handleRequest(NULL, Object(Config\Cache), false)
#3 D:\xampp\htdocs\server-master\www\index.php(45): CodeIgniter\CodeIgniter->run()
#4 {main}
CRITICAL - 2022-10-07 14:59:12 --> Call to undefined method CodeIgniter\Database\MySQLi\Connection::insert()
#0 D:\xampp\htdocs\server-master\www\system\CodeIgniter.php(936): App\Controllers\UserController->register_v1()
#1 D:\xampp\htdocs\server-master\www\system\CodeIgniter.php(432): CodeIgniter\CodeIgniter->runController(Object(App\Controllers\UserController))
#2 D:\xampp\htdocs\server-master\www\system\CodeIgniter.php(333): CodeIgniter\CodeIgniter->handleRequest(NULL, Object(Config\Cache), false)
#3 D:\xampp\htdocs\server-master\www\index.php(45): CodeIgniter\CodeIgniter->run()
#4 {main}
CRITICAL - 2022-10-07 14:59:14 --> Call to undefined method CodeIgniter\Database\MySQLi\Connection::insert()
#0 D:\xampp\htdocs\server-master\www\system\CodeIgniter.php(936): App\Controllers\UserController->register_v1()
#1 D:\xampp\htdocs\server-master\www\system\CodeIgniter.php(432): CodeIgniter\CodeIgniter->runController(Object(App\Controllers\UserController))
#2 D:\xampp\htdocs\server-master\www\system\CodeIgniter.php(333): CodeIgniter\CodeIgniter->handleRequest(NULL, Object(Config\Cache), false)
#3 D:\xampp\htdocs\server-master\www\index.php(45): CodeIgniter\CodeIgniter->run()
#4 {main}
CRITICAL - 2022-10-07 14:59:44 --> Call to undefined method CodeIgniter\Database\MySQLi\Connection::insert()
#0 D:\xampp\htdocs\server-master\www\system\CodeIgniter.php(936): App\Controllers\UserController->register_v1()
#1 D:\xampp\htdocs\server-master\www\system\CodeIgniter.php(432): CodeIgniter\CodeIgniter->runController(Object(App\Controllers\UserController))
#2 D:\xampp\htdocs\server-master\www\system\CodeIgniter.php(333): CodeIgniter\CodeIgniter->handleRequest(NULL, Object(Config\Cache), false)
#3 D:\xampp\htdocs\server-master\www\index.php(45): CodeIgniter\CodeIgniter->run()
#4 {main}
CRITICAL - 2022-10-07 15:00:42 --> Call to undefined method CodeIgniter\Database\MySQLi\Connection::insert()
#0 D:\xampp\htdocs\server-master\www\system\CodeIgniter.php(936): App\Controllers\UserController->register_v1()
#1 D:\xampp\htdocs\server-master\www\system\CodeIgniter.php(432): CodeIgniter\CodeIgniter->runController(Object(App\Controllers\UserController))
#2 D:\xampp\htdocs\server-master\www\system\CodeIgniter.php(333): CodeIgniter\CodeIgniter->handleRequest(NULL, Object(Config\Cache), false)
#3 D:\xampp\htdocs\server-master\www\index.php(45): CodeIgniter\CodeIgniter->run()
#4 {main}
CRITICAL - 2022-10-07 15:18:08 --> Unable to connect to the database.
#0 D:\xampp\htdocs\server-master\www\system\Database\BaseConnection.php(618): CodeIgniter\Database\BaseConnection->initialize()
#1 D:\xampp\htdocs\server-master\www\system\Database\BaseBuilder.php(1866): CodeIgniter\Database\BaseConnection->query('SELECT *\nFROM `...', Array, false)
#2 D:\xampp\htdocs\server-master\www\system\Model.php(213): CodeIgniter\Database\BaseBuilder->get()
#3 D:\xampp\htdocs\server-master\www\system\BaseModel.php(583): CodeIgniter\Model->doFindAll(0, 0)
#4 D:\xampp\htdocs\server-master\www\app\Controllers\UserController.php(60): CodeIgniter\BaseModel->findAll()
#5 D:\xampp\htdocs\server-master\www\system\CodeIgniter.php(936): App\Controllers\UserController->register_v1()
#6 D:\xampp\htdocs\server-master\www\system\CodeIgniter.php(432): CodeIgniter\CodeIgniter->runController(Object(App\Controllers\UserController))
#7 D:\xampp\htdocs\server-master\www\system\CodeIgniter.php(333): CodeIgniter\CodeIgniter->handleRequest(NULL, Object(Config\Cache), false)
#8 D:\xampp\htdocs\server-master\www\index.php(45): CodeIgniter\CodeIgniter->run()
#9 {main}
CRITICAL - 2022-10-07 15:30:35 --> Undefined property: stdClass::$owner
#0 D:\xampp\htdocs\server-master\www\app\Models\DocumentModel.php(44): CodeIgniter\Debug\Exceptions->errorHandler(2, 'Undefined prope...', 'D:\\xampp\\htdocs...', 44)
#1 D:\xampp\htdocs\server-master\www\system\BaseModel.php(1552): App\Models\DocumentModel->formatDocuments(Array)
#2 D:\xampp\htdocs\server-master\www\system\BaseModel.php(525): CodeIgniter\BaseModel->trigger('afterFind', Array)
#3 D:\xampp\htdocs\server-master\www\app\Models\DocumentModel.php(176): CodeIgniter\BaseModel->find('3qT4dK36iKKdN2G...')
#4 D:\xampp\htdocs\server-master\www\app\Controllers\BaseController.php(97): App\Models\DocumentModel->getDocument('3qT4dK36iKKdN2G...')
#5 D:\xampp\htdocs\server-master\www\app\Controllers\DocumentsController.php(94): App\Controllers\BaseController->getDocument('3qT4dK36iKKdN2G...')
#6 D:\xampp\htdocs\server-master\www\system\CodeIgniter.php(936): App\Controllers\DocumentsController->add_v1()
#7 D:\xampp\htdocs\server-master\www\system\CodeIgniter.php(432): CodeIgniter\CodeIgniter->runController(Object(App\Controllers\DocumentsController))
#8 D:\xampp\htdocs\server-master\www\system\CodeIgniter.php(333): CodeIgniter\CodeIgniter->handleRequest(NULL, Object(Config\Cache), false)
#9 D:\xampp\htdocs\server-master\www\index.php(45): CodeIgniter\CodeIgniter->run()
#10 {main}
